#
# There is insufficient memory for the Java Runtime Environment to continue.
# Native memory allocation (malloc) failed to allocate 1576976 bytes for Chunk::new
# Possible reasons:
#   The system is out of physical RAM or swap space
#   In 32 bit mode, the process size limit was hit
# Possible solutions:
#   Reduce memory load on the system
#   Increase physical memory or swap space
#   Check if swap backing store is full
#   Use 64 bit Java on a 64 bit OS
#   Decrease Java heap size (-Xmx/-Xms)
#   Decrease number of Java threads
#   Decrease Java thread stack sizes (-Xss)
#   Set larger code cache with -XX:ReservedCodeCacheSize=
# This output file may be truncated or incomplete.
#
#  Out of Memory Error (allocation.cpp:390), pid=25604, tid=0x0000000000006284
#
# JRE version: Java(TM) SE Runtime Environment (8.0_161-b12) (build 1.8.0_161-b12)
# Java VM: Java HotSpot(TM) 64-Bit Server VM (25.161-b12 mixed mode windows-amd64 compressed oops)
# Failed to write core dump. Minidumps are not enabled by default on client versions of Windows
#

---------------  T H R E A D  ---------------

Current thread (0x000000001dae5800):  JavaThread "C2 CompilerThread0" daemon [_thread_in_native, id=25220, stack(0x000000001df80000,0x000000001e080000)]

Stack: [0x000000001df80000,0x000000001e080000]
[error occurred during error reporting (printing stack bounds), id 0xc0000005]

Native frames: (J=compiled Java code, j=interpreted, Vv=VM code, C=native code)


Current CompileTask:
C2:   3885 1639   !   4       java.net.URLClassLoader$1::run (63 bytes)


---------------  P R O C E S S  ---------------

Java Threads: ( => current thread )
  0x000000001db60000 JavaThread "Service Thread" daemon [_thread_blocked, id=16096, stack(0x000000001e280000,0x000000001e380000)]
  0x000000001daf3000 JavaThread "C1 CompilerThread2" daemon [_thread_blocked, id=6816, stack(0x000000001e180000,0x000000001e280000)]
  0x000000001dae9000 JavaThread "C2 CompilerThread1" daemon [_thread_in_native, id=20236, stack(0x000000001e080000,0x000000001e180000)]
=>0x000000001dae5800 JavaThread "C2 CompilerThread0" daemon [_thread_in_native, id=25220, stack(0x000000001df80000,0x000000001e080000)]
  0x000000001dada000 JavaThread "Monitor Ctrl-Break" daemon [_thread_in_native, id=25072, stack(0x000000001de80000,0x000000001df80000)]
  0x000000001c41b000 JavaThread "Attach Listener" daemon [_thread_blocked, id=10136, stack(0x000000001d980000,0x000000001da80000)]
  0x000000001c419800 JavaThread "Signal Dispatcher" daemon [_thread_blocked, id=15964, stack(0x000000001d880000,0x000000001d980000)]
  0x000000001c3ff000 JavaThread "Finalizer" daemon [_thread_blocked, id=7156, stack(0x000000001d680000,0x000000001d780000)]
  0x0000000002e05000 JavaThread "Reference Handler" daemon [_thread_blocked, id=9472, stack(0x000000001d580000,0x000000001d680000)]
  0x0000000002d14000 JavaThread "main" [_thread_in_Java, id=23192, stack(0x00000000029a0000,0x0000000002aa0000)]

Other Threads:
  0x000000001c3d8000 VMThread [stack: 0x000000001d480000,0x000000001d580000] [id=18400]
  0x000000001dbcf800 WatcherThread [stack: 0x000000001e380000,0x000000001e480000] [id=17680]

VM state:not at safepoint (normal execution)

VM Mutex/Monitor currently owned by a thread: None

Heap:
 PSYoungGen      total 76288K, used 55154K [0x000000076b200000, 0x0000000770700000, 0x00000007c0000000)
  eden space 65536K, 70% used [0x000000076b200000,0x000000076df692a0,0x000000076f200000)
  from space 10752K, 80% used [0x000000076f200000,0x000000076fa73778,0x000000076fc80000)
  to   space 10752K, 0% used [0x000000076fc80000,0x000000076fc80000,0x0000000770700000)
 ParOldGen       total 175104K, used 16K [0x00000006c1600000, 0x00000006cc100000, 0x000000076b200000)
  object space 175104K, 0% used [0x00000006c1600000,0x00000006c1604000,0x00000006cc100000)
 Metaspace       used 15656K, capacity 15894K, committed 16128K, reserved 1062912K
  class space    used 1896K, capacity 1976K, committed 2048K, reserved 1048576K

Card table byte_map: [0x00000000121d0000,0x00000000129d0000] byte_map_base: 0x000000000ebc5000

Marking Bits: (ParMarkBitMap*) 0x000000006349f860
 Begin Bits: [0x0000000013320000, 0x00000000172c8000)
 End Bits:   [0x00000000172c8000, 0x000000001b270000)

Polling page: 0x00000000009f0000

CodeCache: size=245760Kb used=6615Kb max_used=6615Kb free=239144Kb
 bounds [0x0000000002e10000, 0x0000000003490000, 0x0000000011e10000]
 total_blobs=2262 nmethods=1891 adapters=283
 compilation: enabled

Compilation events (10 events):
Event: 3.879 Thread 0x000000001daf3000 nmethod 1895 0x0000000003484690 code [0x00000000034847e0, 0x0000000003484990]
Event: 3.880 Thread 0x000000001daf3000 1896       1       org.apache.maven.model.Model::getVersion (5 bytes)
Event: 3.880 Thread 0x000000001daf3000 nmethod 1896 0x0000000003484a50 code [0x0000000003484ba0, 0x0000000003484cb0]
Event: 3.880 Thread 0x000000001daf3000 1897   !   3       org.codehaus.plexus.interpolation.reflection.ClassMap::findMethod (107 bytes)
Event: 3.881 Thread 0x000000001daf3000 nmethod 1897 0x0000000003484d10 code [0x0000000003484ee0, 0x0000000003485658]
Event: 3.881 Thread 0x000000001daf3000 1898       3       org.codehaus.plexus.interpolation.reflection.ClassMap::makeMethodKey (75 bytes)
Event: 3.881 Thread 0x000000001daf3000 nmethod 1898 0x0000000003485910 code [0x0000000003485b00, 0x0000000003486598]
Event: 3.881 Thread 0x000000001daf3000 1902       3       org.apache.maven.model.validation.DefaultModelValidator::isValidId (34 bytes)
Event: 3.882 Thread 0x000000001daf3000 nmethod 1902 0x0000000003486a50 code [0x0000000003486c00, 0x00000000034871b8]
Event: 3.882 Thread 0x000000001daf3000 1901       3       org.apache.maven.model.validation.DefaultModelValidator::validateId (119 bytes)

GC Heap History (2 events):
Event: 2.496 GC heap before
{Heap before GC invocations=1 (full 0):
 PSYoungGen      total 76288K, used 65536K [0x000000076b200000, 0x0000000770700000, 0x00000007c0000000)
  eden space 65536K, 100% used [0x000000076b200000,0x000000076f200000,0x000000076f200000)
  from space 10752K, 0% used [0x000000076fc80000,0x000000076fc80000,0x0000000770700000)
  to   space 10752K, 0% used [0x000000076f200000,0x000000076f200000,0x000000076fc80000)
 ParOldGen       total 175104K, used 0K [0x00000006c1600000, 0x00000006cc100000, 0x000000076b200000)
  object space 175104K, 0% used [0x00000006c1600000,0x00000006c1600000,0x00000006cc100000)
 Metaspace       used 11026K, capacity 11176K, committed 11392K, reserved 1058816K
  class space    used 1335K, capacity 1380K, committed 1408K, reserved 1048576K
Event: 2.505 GC heap after
Heap after GC invocations=1 (full 0):
 PSYoungGen      total 76288K, used 8653K [0x000000076b200000, 0x0000000770700000, 0x00000007c0000000)
  eden space 65536K, 0% used [0x000000076b200000,0x000000076b200000,0x000000076f200000)
  from space 10752K, 80% used [0x000000076f200000,0x000000076fa73778,0x000000076fc80000)
  to   space 10752K, 0% used [0x000000076fc80000,0x000000076fc80000,0x0000000770700000)
 ParOldGen       total 175104K, used 16K [0x00000006c1600000, 0x00000006cc100000, 0x000000076b200000)
  object space 175104K, 0% used [0x00000006c1600000,0x00000006c1604000,0x00000006cc100000)
 Metaspace       used 11026K, capacity 11176K, committed 11392K, reserved 1058816K
  class space    used 1335K, capacity 1380K, committed 1408K, reserved 1048576K
}

Deoptimization events (10 events):
Event: 3.001 Thread 0x0000000002d14000 Uncommon trap: reason=unstable_if action=reinterpret pc=0x000000000331fa9c method=java.lang.ref.ReferenceQueue.poll()Ljava/lang/ref/Reference; @ 4
Event: 3.172 Thread 0x0000000002d14000 Uncommon trap: reason=bimorphic action=maybe_recompile pc=0x0000000003183828 method=java.util.HashMap.putVal(ILjava/lang/Object;Ljava/lang/Object;ZZ)Ljava/lang/Object; @ 203
Event: 3.228 Thread 0x0000000002d14000 Uncommon trap: reason=unstable_if action=reinterpret pc=0x0000000003369d58 method=org.eclipse.sisu.inject.InjectorBindings.isAssignableFrom(Lcom/google/inject/TypeLiteral;Lcom/google/inject/Binding;)Z @ 14
Event: 3.231 Thread 0x0000000002d14000 Uncommon trap: reason=null_check action=make_not_entrant pc=0x0000000002f1febc method=java.lang.String.equals(Ljava/lang/Object;)Z @ 8
Event: 3.240 Thread 0x0000000002d14000 Uncommon trap: reason=unstable_if action=reinterpret pc=0x0000000003075028 method=sun.misc.MetaIndex.mayContain(Ljava/lang/String;)Z @ 38
Event: 3.475 Thread 0x0000000002d14000 Uncommon trap: reason=unstable_if action=reinterpret pc=0x00000000030e4728 method=java.lang.AbstractStringBuilder.append(Ljava/lang/String;)Ljava/lang/AbstractStringBuilder; @ 1
Event: 3.545 Thread 0x0000000002d14000 Uncommon trap: reason=unstable_if action=reinterpret pc=0x0000000003082890 method=java.lang.String.replace(CC)Ljava/lang/String; @ 2
Event: 3.701 Thread 0x0000000002d14000 Uncommon trap: reason=unstable_if action=reinterpret pc=0x000000000302b050 method=java.lang.AbstractStringBuilder.append(Ljava/lang/String;)Ljava/lang/AbstractStringBuilder; @ 1
Event: 3.803 Thread 0x0000000002d14000 Uncommon trap: reason=unstable_if action=reinterpret pc=0x00000000030c6fc4 method=sun.nio.cs.UTF_8$Decoder.decode([BII[C)I @ 30
Event: 3.804 Thread 0x0000000002d14000 Uncommon trap: reason=unstable_if action=reinterpret pc=0x0000000003104d74 method=sun.nio.cs.UTF_8$Decoder.decodeArrayLoop(Ljava/nio/ByteBuffer;Ljava/nio/CharBuffer;)Ljava/nio/charset/CoderResult; @ 84

Classes redefined (0 events):
No events

Internal exceptions (10 events):
Event: 1.856 Thread 0x0000000002d14000 Exception <a 'java/lang/ArrayIndexOutOfBoundsException'> (0x000000076ce9d460) thrown at [C:\re\workspace\8-2-build-windows-amd64-cygwin\jdk8u161\10277\hotspot\src\share\vm\runtime\sharedRuntime.cpp, line 605]
Event: 2.032 Thread 0x0000000002d14000 Exception <a 'java/lang/ArrayIndexOutOfBoundsException'> (0x000000076d8f02f0) thrown at [C:\re\workspace\8-2-build-windows-amd64-cygwin\jdk8u161\10277\hotspot\src\share\vm\runtime\sharedRuntime.cpp, line 605]
Event: 2.033 Thread 0x0000000002d14000 Exception <a 'java/lang/ArrayIndexOutOfBoundsException'> (0x000000076d8f4c38) thrown at [C:\re\workspace\8-2-build-windows-amd64-cygwin\jdk8u161\10277\hotspot\src\share\vm\runtime\sharedRuntime.cpp, line 605]
Event: 2.158 Thread 0x0000000002d14000 Exception <a 'java/lang/ArrayIndexOutOfBoundsException': 66> (0x000000076dc6f880) thrown at [C:\re\workspace\8-2-build-windows-amd64-cygwin\jdk8u161\10277\hotspot\src\share\vm\interpreter\interpreterRuntime.cpp, line 366]
Event: 2.994 Thread 0x0000000002d14000 Exception <a 'java/lang/NoClassDefFoundError': com/google/inject/servlet/ServletModuleTargetVisitor> (0x000000076ca84f68) thrown at [C:\re\workspace\8-2-build-windows-amd64-cygwin\jdk8u161\10277\hotspot\src\share\vm\classfile\systemDictionary.cpp, line 19
Event: 2.994 Thread 0x0000000002d14000 Exception <a 'java/lang/NoClassDefFoundError'> (0x000000076ca84f68) thrown at [C:\re\workspace\8-2-build-windows-amd64-cygwin\jdk8u161\10277\hotspot\src\share\vm\prims\jvm.cpp, line 1394]
Event: 2.994 Thread 0x0000000002d14000 Exception <a 'java/lang/NoClassDefFoundError': javax/annotation/Priority> (0x000000076ca89f00) thrown at [C:\re\workspace\8-2-build-windows-amd64-cygwin\jdk8u161\10277\hotspot\src\share\vm\classfile\systemDictionary.cpp, line 199]
Event: 3.231 Thread 0x0000000002d14000 Implicit null exception at 0x0000000002f1fcd5 to 0x0000000002f1fead
Event: 3.475 Thread 0x0000000002d14000 Implicit null exception at 0x00000000030e4354 to 0x00000000030e4711
Event: 3.701 Thread 0x0000000002d14000 Implicit null exception at 0x000000000302ac96 to 0x000000000302b039

Events (10 events):
Event: 3.720 loading class org/apache/maven/lifecycle/internal/DefaultLifecyclePluginAnalyzer$1
Event: 3.720 loading class org/apache/maven/lifecycle/internal/DefaultLifecyclePluginAnalyzer$1 done
Event: 3.803 Thread 0x0000000002d14000 Uncommon trap: trap_request=0xffffff65 fr.pc=0x00000000030c6fc4
Event: 3.803 Thread 0x0000000002d14000 DEOPT PACKING pc=0x00000000030c6fc4 sp=0x0000000002a9dcc0
Event: 3.803 Thread 0x0000000002d14000 DEOPT UNPACKING pc=0x0000000002e5583b sp=0x0000000002a9dc18 mode 2
Event: 3.804 Thread 0x0000000002d14000 Uncommon trap: trap_request=0xffffff65 fr.pc=0x0000000003104d74
Event: 3.804 Thread 0x0000000002d14000 DEOPT PACKING pc=0x0000000003104d74 sp=0x0000000002a9dc80
Event: 3.804 Thread 0x0000000002d14000 DEOPT UNPACKING pc=0x0000000002e5583b sp=0x0000000002a9dbc8 mode 2
Event: 3.875 loading class org/apache/maven/model/Site
Event: 3.875 loading class org/apache/maven/model/Site done


Dynamic libraries:
0x00007ff79a520000 - 0x00007ff79a557000 	C:\Program Files\Java\jdk1.8.0_161\bin\java.exe
0x00007ffff2800000 - 0x00007ffff29f0000 	C:\WINDOWS\SYSTEM32\ntdll.dll
0x00007ffff15a0000 - 0x00007ffff1652000 	C:\WINDOWS\System32\KERNEL32.DLL
0x00007ffff0380000 - 0x00007ffff0623000 	C:\WINDOWS\System32\KERNELBASE.dll
0x00007ffff14e0000 - 0x00007ffff1583000 	C:\WINDOWS\System32\ADVAPI32.dll
0x00007ffff09b0000 - 0x00007ffff0a4e000 	C:\WINDOWS\System32\msvcrt.dll
0x00007ffff0910000 - 0x00007ffff09a7000 	C:\WINDOWS\System32\sechost.dll
0x00007ffff0a50000 - 0x00007ffff0b70000 	C:\WINDOWS\System32\RPCRT4.dll
0x00007ffff0be0000 - 0x00007ffff0d74000 	C:\WINDOWS\System32\USER32.dll
0x00007ffff07e0000 - 0x00007ffff0801000 	C:\WINDOWS\System32\win32u.dll
0x00007ffff10d0000 - 0x00007ffff10f6000 	C:\WINDOWS\System32\GDI32.dll
0x00007fffef9c0000 - 0x00007fffefb54000 	C:\WINDOWS\System32\gdi32full.dll
0x00007fffefb60000 - 0x00007fffefbfe000 	C:\WINDOWS\System32\msvcp_win.dll
0x00007ffff0810000 - 0x00007ffff090a000 	C:\WINDOWS\System32\ucrtbase.dll
0x00007fffe2ce0000 - 0x00007fffe2f65000 	C:\WINDOWS\WinSxS\amd64_microsoft.windows.common-controls_6595b64144ccf1df_6.0.18362.778_none_e6c6b761130d4fb8\COMCTL32.dll
0x00007ffff1680000 - 0x00007ffff19b6000 	C:\WINDOWS\System32\combase.dll
0x00007ffff0650000 - 0x00007ffff06d0000 	C:\WINDOWS\System32\bcryptPrimitives.dll
0x00007ffff0d80000 - 0x00007ffff0dae000 	C:\WINDOWS\System32\IMM32.DLL
0x00000000656c0000 - 0x0000000065792000 	C:\Program Files\Java\jdk1.8.0_161\jre\bin\msvcr100.dll
0x0000000062c80000 - 0x000000006351f000 	C:\Program Files\Java\jdk1.8.0_161\jre\bin\server\jvm.dll
0x00007ffff0e20000 - 0x00007ffff0e28000 	C:\WINDOWS\System32\PSAPI.DLL
0x00007fffead80000 - 0x00007fffead8a000 	C:\WINDOWS\SYSTEM32\VERSION.dll
0x00007fffcd5f0000 - 0x00007fffcd5f9000 	C:\WINDOWS\SYSTEM32\WSOCK32.dll
0x00007fffe54e0000 - 0x00007fffe5504000 	C:\WINDOWS\SYSTEM32\WINMM.dll
0x00007ffff0db0000 - 0x00007ffff0e1f000 	C:\WINDOWS\System32\WS2_32.dll
0x00007fffe54b0000 - 0x00007fffe54dd000 	C:\WINDOWS\SYSTEM32\WINMMBASE.dll
0x00007fffef970000 - 0x00007fffef9ba000 	C:\WINDOWS\System32\cfgmgr32.dll
0x00000000656b0000 - 0x00000000656bf000 	C:\Program Files\Java\jdk1.8.0_161\jre\bin\verify.dll
0x0000000065680000 - 0x00000000656a9000 	C:\Program Files\Java\jdk1.8.0_161\jre\bin\java.dll
0x0000000065630000 - 0x0000000065653000 	C:\Program Files\Java\jdk1.8.0_161\jre\bin\instrument.dll
0x0000000065660000 - 0x0000000065676000 	C:\Program Files\Java\jdk1.8.0_161\jre\bin\zip.dll
0x00007ffff19c0000 - 0x00007ffff20a5000 	C:\WINDOWS\System32\SHELL32.dll
0x00007ffff0f50000 - 0x00007ffff0ff9000 	C:\WINDOWS\System32\shcore.dll
0x00007fffefc00000 - 0x00007ffff0380000 	C:\WINDOWS\System32\windows.storage.dll
0x00007fffef7a0000 - 0x00007fffef7c3000 	C:\WINDOWS\System32\profapi.dll
0x00007fffef750000 - 0x00007fffef79a000 	C:\WINDOWS\System32\powrprof.dll
0x00007fffef720000 - 0x00007fffef730000 	C:\WINDOWS\System32\UMPDC.dll
0x00007ffff26e0000 - 0x00007ffff2732000 	C:\WINDOWS\System32\shlwapi.dll
0x00007fffef730000 - 0x00007fffef741000 	C:\WINDOWS\System32\kernel.appcore.dll
0x00007ffff0630000 - 0x00007ffff0647000 	C:\WINDOWS\System32\cryptsp.dll
0x00007fffe5050000 - 0x00007fffe506a000 	C:\Program Files\JetBrains\IntelliJ IDEA 2020.1.1\bin\breakgen64.dll
0x0000000065610000 - 0x000000006562a000 	C:\Program Files\Java\jdk1.8.0_161\jre\bin\net.dll
0x00007fffeeee0000 - 0x00007fffeef47000 	C:\WINDOWS\system32\mswsock.dll
0x00007fffeea60000 - 0x00007fffeea93000 	C:\WINDOWS\system32\rsaenh.dll
0x00007fffef7f0000 - 0x00007fffef816000 	C:\WINDOWS\System32\bcrypt.dll
0x00007fffef640000 - 0x00007fffef665000 	C:\WINDOWS\SYSTEM32\USERENV.dll
0x00007fffef060000 - 0x00007fffef06c000 	C:\WINDOWS\SYSTEM32\CRYPTBASE.dll
0x00007fffeec00000 - 0x00007fffeec3a000 	C:\WINDOWS\SYSTEM32\IPHLPAPI.DLL
0x00007ffff0e90000 - 0x00007ffff0e98000 	C:\WINDOWS\System32\NSI.dll
0x00007fffec4d0000 - 0x00007fffec4e6000 	C:\WINDOWS\SYSTEM32\dhcpcsvc6.DLL
0x00007fffec0c0000 - 0x00007fffec0dc000 	C:\WINDOWS\SYSTEM32\dhcpcsvc.DLL
0x00007fffeec40000 - 0x00007fffeed0a000 	C:\WINDOWS\SYSTEM32\DNSAPI.dll
0x00000000655e0000 - 0x00000000655f1000 	C:\Program Files\Java\jdk1.8.0_161\jre\bin\nio.dll
0x00007fffea970000 - 0x00007fffea97a000 	C:\Users\umit.acikgoz\AppData\Local\Temp\jansi-1.17.1-6996982984566786377.dll
0x00007fffea960000 - 0x00007fffea96a000 	C:\Users\umit.acikgoz\AppData\Local\Temp\jansi-1.17.1-3135426714417885195.dll

VM Arguments:
jvm_args: -Dmaven.multiModuleProjectDirectory=C:\Users\umit.acikgoz\Desktop\PayDayBank -Dmaven.home=C:\Program Files\JetBrains\IntelliJ IDEA 2020.1.1\plugins\maven\lib\maven3 -Dclassworlds.conf=C:\Program Files\JetBrains\IntelliJ IDEA 2020.1.1\plugins\maven\lib\maven3\bin\m2.conf -Dmaven.ext.class.path=C:\Program Files\JetBrains\IntelliJ IDEA 2020.1.1\plugins\maven\lib\maven-event-listener.jar -javaagent:C:\Program Files\JetBrains\IntelliJ IDEA 2020.1.1\lib\idea_rt.jar=56583:C:\Program Files\JetBrains\IntelliJ IDEA 2020.1.1\bin -Dfile.encoding=UTF-8 
java_command: org.codehaus.classworlds.Launcher -Didea.version2020.1.1 clean:clean
java_class_path (initial): C:\Program Files\JetBrains\IntelliJ IDEA 2020.1.1\plugins\maven\lib\maven3\boot\plexus-classworlds-2.6.0.jar;C:\Program Files\JetBrains\IntelliJ IDEA 2020.1.1\plugins\maven\lib\maven3\boot\plexus-classworlds.license;C:\Program Files\JetBrains\IntelliJ IDEA 2020.1.1\lib\idea_rt.jar
Launcher Type: SUN_STANDARD

Environment Variables:
JAVA_HOME=C:\Program Files\Java\jdk1.8.0_161
USERNAME=umit.acikgoz
OS=Windows_NT
PROCESSOR_IDENTIFIER=Intel64 Family 6 Model 69 Stepping 1, GenuineIntel



---------------  S Y S T E M  ---------------

OS: Windows 10.0 , 64 bit Build 18362 (10.0.18362.778)

CPU:total 4 (initial active 4) (2 cores per cpu, 2 threads per core) family 6 model 69 stepping 1, cmov, cx8, fxsr, mmx, sse, sse2, sse3, ssse3, sse4.1, sse4.2, popcnt, avx, avx2, aes, clmul, erms, lzcnt, ht, tsc, tscinvbit, bmi1, bmi2

Memory: 4k page, physical 16680256k(3649132k free), swap 22824256k(6036k free)

vm_info: Java HotSpot(TM) 64-Bit Server VM (25.161-b12) for windows-amd64 JRE (1.8.0_161-b12), built on Dec 19 2017 17:52:25 by "java_re" with MS VC++ 10.0 (VS2010)

time: Sun May 10 23:20:39 2020
elapsed time: 3 seconds (0d 0h 0m 3s)

