#
# There is insufficient memory for the Java Runtime Environment to continue.
# Native memory allocation (malloc) failed to allocate 32744 bytes for ChunkPool::allocate
# Possible reasons:
#   The system is out of physical RAM or swap space
#   In 32 bit mode, the process size limit was hit
# Possible solutions:
#   Reduce memory load on the system
#   Increase physical memory or swap space
#   Check if swap backing store is full
#   Use 64 bit Java on a 64 bit OS
#   Decrease Java heap size (-Xmx/-Xms)
#   Decrease number of Java threads
#   Decrease Java thread stack sizes (-Xss)
#   Set larger code cache with -XX:ReservedCodeCacheSize=
# This output file may be truncated or incomplete.
#
#  Out of Memory Error (allocation.cpp:273), pid=10396, tid=0x0000000000005900
#
# JRE version: Java(TM) SE Runtime Environment (8.0_161-b12) (build 1.8.0_161-b12)
# Java VM: Java HotSpot(TM) 64-Bit Server VM (25.161-b12 mixed mode windows-amd64 compressed oops)
# Failed to write core dump. Minidumps are not enabled by default on client versions of Windows
#

---------------  T H R E A D  ---------------

Current thread (0x000000001e165800):  JavaThread "C2 CompilerThread0" daemon [_thread_in_native, id=22784, stack(0x000000001e600000,0x000000001e700000)]

Stack: [0x000000001e600000,0x000000001e700000]
[error occurred during error reporting (printing stack bounds), id 0xc0000005]

Native frames: (J=compiled Java code, j=interpreted, Vv=VM code, C=native code)


Current CompileTask:
C2:   4363 1641   !   4       java.net.URLClassLoader$1::run (63 bytes)


---------------  P R O C E S S  ---------------

Java Threads: ( => current thread )
  0x000000001caec800 JavaThread "Service Thread" daemon [_thread_blocked, id=17080, stack(0x000000001e900000,0x000000001ea00000)]
  0x000000001e16f000 JavaThread "C1 CompilerThread2" daemon [_thread_in_native, id=15268, stack(0x000000001e800000,0x000000001e900000)]
  0x000000001e169000 JavaThread "C2 CompilerThread1" daemon [_thread_in_native, id=24152, stack(0x000000001e700000,0x000000001e800000)]
=>0x000000001e165800 JavaThread "C2 CompilerThread0" daemon [_thread_in_native, id=22784, stack(0x000000001e600000,0x000000001e700000)]
  0x000000001e10b800 JavaThread "Monitor Ctrl-Break" daemon [_thread_in_native, id=5996, stack(0x000000001e500000,0x000000001e600000)]
  0x000000001ca98800 JavaThread "Attach Listener" daemon [_thread_blocked, id=5336, stack(0x000000001e000000,0x000000001e100000)]
  0x000000001ca97000 JavaThread "Signal Dispatcher" daemon [_thread_blocked, id=12632, stack(0x000000001df00000,0x000000001e000000)]
  0x000000001ca7e800 JavaThread "Finalizer" daemon [_thread_blocked, id=10604, stack(0x000000001dd00000,0x000000001de00000)]
  0x0000000003485000 JavaThread "Reference Handler" daemon [_thread_blocked, id=2916, stack(0x000000001dc00000,0x000000001dd00000)]
  0x0000000003393800 JavaThread "main" [_thread_in_vm, id=22052, stack(0x00000000030a0000,0x00000000031a0000)]

Other Threads:
  0x000000001ca57800 VMThread [stack: 0x000000001db00000,0x000000001dc00000] [id=23052]
  0x000000001caee800 WatcherThread [stack: 0x000000001ea00000,0x000000001eb00000] [id=24428]

VM state:not at safepoint (normal execution)

VM Mutex/Monitor currently owned by a thread: None

Heap:
 PSYoungGen      total 76288K, used 59585K [0x000000076b200000, 0x0000000770700000, 0x00000007c0000000)
  eden space 65536K, 77% used [0x000000076b200000,0x000000076e3bdb20,0x000000076f200000)
  from space 10752K, 80% used [0x000000076f200000,0x000000076fa72918,0x000000076fc80000)
  to   space 10752K, 0% used [0x000000076fc80000,0x000000076fc80000,0x0000000770700000)
 ParOldGen       total 175104K, used 16K [0x00000006c1600000, 0x00000006cc100000, 0x000000076b200000)
  object space 175104K, 0% used [0x00000006c1600000,0x00000006c1604000,0x00000006cc100000)
 Metaspace       used 15880K, capacity 16130K, committed 16384K, reserved 1062912K
  class space    used 1912K, capacity 2010K, committed 2048K, reserved 1048576K

Card table byte_map: [0x0000000012850000,0x0000000013050000] byte_map_base: 0x000000000f245000

Marking Bits: (ParMarkBitMap*) 0x000000006349f860
 Begin Bits: [0x00000000139a0000, 0x0000000017948000)
 End Bits:   [0x0000000017948000, 0x000000001b8f0000)

Polling page: 0x00000000019a0000

CodeCache: size=245760Kb used=6685Kb max_used=6685Kb free=239074Kb
 bounds [0x0000000003490000, 0x0000000003b20000, 0x0000000012490000]
 total_blobs=2369 nmethods=1996 adapters=284
 compilation: enabled

Compilation events (10 events):
Event: 4.304 Thread 0x000000001e16f000 2008       2       java.util.Objects::equals (23 bytes)
Event: 4.304 Thread 0x000000001e16f000 nmethod 2008 0x0000000003b18490 code [0x0000000003b18600, 0x0000000003b18788]
Event: 4.311 Thread 0x000000001e16f000 2009   !   2       org.apache.maven.model.ModelBase::clone (397 bytes)
Event: 4.313 Thread 0x000000001e16f000 nmethod 2009 0x0000000003b18810 code [0x0000000003b18b80, 0x0000000003b19c08]
Event: 4.313 Thread 0x000000001e16f000 2010       2       java.util.LinkedHashMap::<init> (11 bytes)
Event: 4.313 Thread 0x000000001e16f000 nmethod 2010 0x0000000003b1ad90 code [0x0000000003b1af20, 0x0000000003b1b0a8]
Event: 4.318 Thread 0x000000001e16f000 2011  s    2       java.util.Hashtable::putAll (52 bytes)
Event: 4.318 Thread 0x000000001e16f000 nmethod 2011 0x0000000003b1b150 code [0x0000000003b1b320, 0x0000000003b1b7a8]
Event: 4.321 Thread 0x000000001e16f000 2012       1       org.apache.maven.model.building.ModelData::getRawModel (5 bytes)
Event: 4.321 Thread 0x000000001e16f000 nmethod 2012 0x0000000003b1ba10 code [0x0000000003b1bb60, 0x0000000003b1bc70]

GC Heap History (2 events):
Event: 2.847 GC heap before
{Heap before GC invocations=1 (full 0):
 PSYoungGen      total 76288K, used 65536K [0x000000076b200000, 0x0000000770700000, 0x00000007c0000000)
  eden space 65536K, 100% used [0x000000076b200000,0x000000076f200000,0x000000076f200000)
  from space 10752K, 0% used [0x000000076fc80000,0x000000076fc80000,0x0000000770700000)
  to   space 10752K, 0% used [0x000000076f200000,0x000000076f200000,0x000000076fc80000)
 ParOldGen       total 175104K, used 0K [0x00000006c1600000, 0x00000006cc100000, 0x000000076b200000)
  object space 175104K, 0% used [0x00000006c1600000,0x00000006c1600000,0x00000006cc100000)
 Metaspace       used 11018K, capacity 11112K, committed 11392K, reserved 1058816K
  class space    used 1335K, capacity 1380K, committed 1408K, reserved 1048576K
Event: 2.859 GC heap after
Heap after GC invocations=1 (full 0):
 PSYoungGen      total 76288K, used 8650K [0x000000076b200000, 0x0000000770700000, 0x00000007c0000000)
  eden space 65536K, 0% used [0x000000076b200000,0x000000076b200000,0x000000076f200000)
  from space 10752K, 80% used [0x000000076f200000,0x000000076fa72918,0x000000076fc80000)
  to   space 10752K, 0% used [0x000000076fc80000,0x000000076fc80000,0x0000000770700000)
 ParOldGen       total 175104K, used 16K [0x00000006c1600000, 0x00000006cc100000, 0x000000076b200000)
  object space 175104K, 0% used [0x00000006c1600000,0x00000006c1604000,0x00000006cc100000)
 Metaspace       used 11018K, capacity 11112K, committed 11392K, reserved 1058816K
  class space    used 1335K, capacity 1380K, committed 1408K, reserved 1048576K
}

Deoptimization events (10 events):
Event: 3.560 Thread 0x0000000003393800 Uncommon trap: reason=null_check action=make_not_entrant pc=0x00000000035946bc method=java.lang.String.equals(Ljava/lang/Object;)Z @ 8
Event: 3.568 Thread 0x0000000003393800 Uncommon trap: reason=unstable_if action=reinterpret pc=0x00000000036e7144 method=sun.misc.MetaIndex.mayContain(Ljava/lang/String;)Z @ 38
Event: 3.781 Thread 0x0000000003393800 Uncommon trap: reason=unstable_if action=reinterpret pc=0x00000000037cf728 method=org.codehaus.plexus.util.xml.pull.MXParser.nextImpl()I @ 1046
Event: 3.787 Thread 0x0000000003393800 Uncommon trap: reason=unstable_if action=reinterpret pc=0x00000000036ded58 method=java.lang.AbstractStringBuilder.append(Ljava/lang/String;)Ljava/lang/AbstractStringBuilder; @ 1
Event: 3.787 Thread 0x0000000003393800 Uncommon trap: reason=unstable_if action=reinterpret pc=0x00000000036b1790 method=java.lang.AbstractStringBuilder.append(Ljava/lang/String;)Ljava/lang/AbstractStringBuilder; @ 1
Event: 3.831 Thread 0x0000000003393800 Uncommon trap: reason=unstable_if action=reinterpret pc=0x00000000036bb0d0 method=java.lang.String.replace(CC)Ljava/lang/String; @ 2
Event: 4.055 Thread 0x0000000003393800 Uncommon trap: reason=class_check action=maybe_recompile pc=0x00000000037a96d0 method=java.nio.charset.CharsetDecoder.decode(Ljava/nio/ByteBuffer;Ljava/nio/CharBuffer;Z)Ljava/nio/charset/CoderResult; @ 57
Event: 4.055 Thread 0x0000000003393800 Uncommon trap: reason=class_check action=maybe_recompile pc=0x00000000037a96d0 method=java.nio.charset.CharsetDecoder.decode(Ljava/nio/ByteBuffer;Ljava/nio/CharBuffer;Z)Ljava/nio/charset/CoderResult; @ 57
Event: 4.055 Thread 0x0000000003393800 Uncommon trap: reason=class_check action=maybe_recompile pc=0x00000000037a96d0 method=java.nio.charset.CharsetDecoder.decode(Ljava/nio/ByteBuffer;Ljava/nio/CharBuffer;Z)Ljava/nio/charset/CoderResult; @ 57
Event: 4.055 Thread 0x0000000003393800 Uncommon trap: reason=class_check action=maybe_recompile pc=0x00000000037a96d0 method=java.nio.charset.CharsetDecoder.decode(Ljava/nio/ByteBuffer;Ljava/nio/CharBuffer;Z)Ljava/nio/charset/CoderResult; @ 57

Classes redefined (0 events):
No events

Internal exceptions (10 events):
Event: 1.986 Thread 0x0000000003393800 Exception <a 'java/lang/ArrayIndexOutOfBoundsException'> (0x000000076cea9c50) thrown at [C:\re\workspace\8-2-build-windows-amd64-cygwin\jdk8u161\10277\hotspot\src\share\vm\runtime\sharedRuntime.cpp, line 605]
Event: 2.191 Thread 0x0000000003393800 Exception <a 'java/lang/ArrayIndexOutOfBoundsException'> (0x000000076d8fe538) thrown at [C:\re\workspace\8-2-build-windows-amd64-cygwin\jdk8u161\10277\hotspot\src\share\vm\runtime\sharedRuntime.cpp, line 605]
Event: 2.192 Thread 0x0000000003393800 Exception <a 'java/lang/ArrayIndexOutOfBoundsException'> (0x000000076d902e80) thrown at [C:\re\workspace\8-2-build-windows-amd64-cygwin\jdk8u161\10277\hotspot\src\share\vm\runtime\sharedRuntime.cpp, line 605]
Event: 2.313 Thread 0x0000000003393800 Exception <a 'java/lang/ArrayIndexOutOfBoundsException': 66> (0x000000076dc806d8) thrown at [C:\re\workspace\8-2-build-windows-amd64-cygwin\jdk8u161\10277\hotspot\src\share\vm\interpreter\interpreterRuntime.cpp, line 366]
Event: 3.406 Thread 0x0000000003393800 Exception <a 'java/lang/NoClassDefFoundError': com/google/inject/servlet/ServletModuleTargetVisitor> (0x000000076ca87de0) thrown at [C:\re\workspace\8-2-build-windows-amd64-cygwin\jdk8u161\10277\hotspot\src\share\vm\classfile\systemDictionary.cpp, line 19
Event: 3.407 Thread 0x0000000003393800 Exception <a 'java/lang/NoClassDefFoundError'> (0x000000076ca87de0) thrown at [C:\re\workspace\8-2-build-windows-amd64-cygwin\jdk8u161\10277\hotspot\src\share\vm\prims\jvm.cpp, line 1394]
Event: 3.407 Thread 0x0000000003393800 Exception <a 'java/lang/NoClassDefFoundError': javax/annotation/Priority> (0x000000076ca8cd78) thrown at [C:\re\workspace\8-2-build-windows-amd64-cygwin\jdk8u161\10277\hotspot\src\share\vm\classfile\systemDictionary.cpp, line 199]
Event: 3.560 Thread 0x0000000003393800 Implicit null exception at 0x00000000035944d5 to 0x00000000035946ad
Event: 3.787 Thread 0x0000000003393800 Implicit null exception at 0x00000000036de996 to 0x00000000036ded41
Event: 3.787 Thread 0x0000000003393800 Implicit null exception at 0x00000000036b13d6 to 0x00000000036b1779

Events (10 events):
Event: 4.055 Thread 0x0000000003393800 DEOPT UNPACKING pc=0x00000000034d583b sp=0x000000000319c3f0 mode 2
Event: 4.055 Thread 0x0000000003393800 Uncommon trap: trap_request=0xffffffde fr.pc=0x00000000037a96d0
Event: 4.055 Thread 0x0000000003393800 DEOPT PACKING pc=0x00000000037a96d0 sp=0x000000000319c460
Event: 4.055 Thread 0x0000000003393800 DEOPT UNPACKING pc=0x00000000034d583b sp=0x000000000319c3f0 mode 2
Event: 4.062 loading class org/apache/maven/model/merge/ModelMerger$NotifierKeyComputer
Event: 4.062 loading class org/apache/maven/model/merge/ModelMerger$NotifierKeyComputer done
Event: 4.194 Thread 0x0000000003393800 DEOPT PACKING pc=0x0000000003ad0f02 sp=0x000000000319c6d0
Event: 4.194 Thread 0x0000000003393800 DEOPT UNPACKING pc=0x00000000034d7890 sp=0x000000000319c470 mode 0
Event: 4.245 Executing VM operation: EnableBiasedLocking
Event: 4.245 Executing VM operation: EnableBiasedLocking done


Dynamic libraries:
0x00007ff79a520000 - 0x00007ff79a557000 	C:\Program Files\Java\jdk1.8.0_161\bin\java.exe
0x00007ffff2800000 - 0x00007ffff29f0000 	C:\WINDOWS\SYSTEM32\ntdll.dll
0x00007ffff15a0000 - 0x00007ffff1652000 	C:\WINDOWS\System32\KERNEL32.DLL
0x00007ffff0380000 - 0x00007ffff0623000 	C:\WINDOWS\System32\KERNELBASE.dll
0x00007ffff14e0000 - 0x00007ffff1583000 	C:\WINDOWS\System32\ADVAPI32.dll
0x00007ffff09b0000 - 0x00007ffff0a4e000 	C:\WINDOWS\System32\msvcrt.dll
0x00007ffff0910000 - 0x00007ffff09a7000 	C:\WINDOWS\System32\sechost.dll
0x00007ffff0a50000 - 0x00007ffff0b70000 	C:\WINDOWS\System32\RPCRT4.dll
0x00007ffff0be0000 - 0x00007ffff0d74000 	C:\WINDOWS\System32\USER32.dll
0x00007ffff07e0000 - 0x00007ffff0801000 	C:\WINDOWS\System32\win32u.dll
0x00007ffff10d0000 - 0x00007ffff10f6000 	C:\WINDOWS\System32\GDI32.dll
0x00007fffef9c0000 - 0x00007fffefb54000 	C:\WINDOWS\System32\gdi32full.dll
0x00007fffefb60000 - 0x00007fffefbfe000 	C:\WINDOWS\System32\msvcp_win.dll
0x00007ffff0810000 - 0x00007ffff090a000 	C:\WINDOWS\System32\ucrtbase.dll
0x00007fffe2ce0000 - 0x00007fffe2f65000 	C:\WINDOWS\WinSxS\amd64_microsoft.windows.common-controls_6595b64144ccf1df_6.0.18362.778_none_e6c6b761130d4fb8\COMCTL32.dll
0x00007ffff1680000 - 0x00007ffff19b6000 	C:\WINDOWS\System32\combase.dll
0x00007ffff0650000 - 0x00007ffff06d0000 	C:\WINDOWS\System32\bcryptPrimitives.dll
0x00007ffff0d80000 - 0x00007ffff0dae000 	C:\WINDOWS\System32\IMM32.DLL
0x00000000656c0000 - 0x0000000065792000 	C:\Program Files\Java\jdk1.8.0_161\jre\bin\msvcr100.dll
0x0000000062c80000 - 0x000000006351f000 	C:\Program Files\Java\jdk1.8.0_161\jre\bin\server\jvm.dll
0x00007ffff0e20000 - 0x00007ffff0e28000 	C:\WINDOWS\System32\PSAPI.DLL
0x00007fffe54e0000 - 0x00007fffe5504000 	C:\WINDOWS\SYSTEM32\WINMM.dll
0x00007fffcd5f0000 - 0x00007fffcd5f9000 	C:\WINDOWS\SYSTEM32\WSOCK32.dll
0x00007ffff0db0000 - 0x00007ffff0e1f000 	C:\WINDOWS\System32\WS2_32.dll
0x00007fffead80000 - 0x00007fffead8a000 	C:\WINDOWS\SYSTEM32\VERSION.dll
0x00007fffe54b0000 - 0x00007fffe54dd000 	C:\WINDOWS\SYSTEM32\WINMMBASE.dll
0x00007fffef970000 - 0x00007fffef9ba000 	C:\WINDOWS\System32\cfgmgr32.dll
0x00000000656b0000 - 0x00000000656bf000 	C:\Program Files\Java\jdk1.8.0_161\jre\bin\verify.dll
0x0000000065680000 - 0x00000000656a9000 	C:\Program Files\Java\jdk1.8.0_161\jre\bin\java.dll
0x0000000065630000 - 0x0000000065653000 	C:\Program Files\Java\jdk1.8.0_161\jre\bin\instrument.dll
0x0000000065660000 - 0x0000000065676000 	C:\Program Files\Java\jdk1.8.0_161\jre\bin\zip.dll
0x00007ffff19c0000 - 0x00007ffff20a5000 	C:\WINDOWS\System32\SHELL32.dll
0x00007ffff0f50000 - 0x00007ffff0ff9000 	C:\WINDOWS\System32\shcore.dll
0x00007fffefc00000 - 0x00007ffff0380000 	C:\WINDOWS\System32\windows.storage.dll
0x00007fffef7a0000 - 0x00007fffef7c3000 	C:\WINDOWS\System32\profapi.dll
0x00007fffef750000 - 0x00007fffef79a000 	C:\WINDOWS\System32\powrprof.dll
0x00007fffef720000 - 0x00007fffef730000 	C:\WINDOWS\System32\UMPDC.dll
0x00007ffff26e0000 - 0x00007ffff2732000 	C:\WINDOWS\System32\shlwapi.dll
0x00007fffef730000 - 0x00007fffef741000 	C:\WINDOWS\System32\kernel.appcore.dll
0x00007ffff0630000 - 0x00007ffff0647000 	C:\WINDOWS\System32\cryptsp.dll
0x00007fffe5050000 - 0x00007fffe506a000 	C:\Program Files\JetBrains\IntelliJ IDEA 2020.1.1\bin\breakgen64.dll
0x0000000065610000 - 0x000000006562a000 	C:\Program Files\Java\jdk1.8.0_161\jre\bin\net.dll
0x00007fffeeee0000 - 0x00007fffeef47000 	C:\WINDOWS\system32\mswsock.dll
0x00007fffeea60000 - 0x00007fffeea93000 	C:\WINDOWS\system32\rsaenh.dll
0x00007fffef7f0000 - 0x00007fffef816000 	C:\WINDOWS\System32\bcrypt.dll
0x00007fffef640000 - 0x00007fffef665000 	C:\WINDOWS\SYSTEM32\USERENV.dll
0x00007fffef060000 - 0x00007fffef06c000 	C:\WINDOWS\SYSTEM32\CRYPTBASE.dll
0x00007fffeec00000 - 0x00007fffeec3a000 	C:\WINDOWS\SYSTEM32\IPHLPAPI.DLL
0x00007ffff0e90000 - 0x00007ffff0e98000 	C:\WINDOWS\System32\NSI.dll
0x00007fffec4d0000 - 0x00007fffec4e6000 	C:\WINDOWS\SYSTEM32\dhcpcsvc6.DLL
0x00007fffec0c0000 - 0x00007fffec0dc000 	C:\WINDOWS\SYSTEM32\dhcpcsvc.DLL
0x00007fffeec40000 - 0x00007fffeed0a000 	C:\WINDOWS\SYSTEM32\DNSAPI.dll
0x00000000655e0000 - 0x00000000655f1000 	C:\Program Files\Java\jdk1.8.0_161\jre\bin\nio.dll
0x00007fffea970000 - 0x00007fffea97a000 	C:\Users\umit.acikgoz\AppData\Local\Temp\jansi-1.17.1-3186681068394626804.dll
0x00007fffea960000 - 0x00007fffea96a000 	C:\Users\umit.acikgoz\AppData\Local\Temp\jansi-1.17.1-1150920727631962449.dll

VM Arguments:
jvm_args: -Dmaven.multiModuleProjectDirectory=C:\Users\umit.acikgoz\Desktop\PayDayBank\ExternalIncomeApi -Dmaven.home=C:\Program Files\JetBrains\IntelliJ IDEA 2020.1.1\plugins\maven\lib\maven3 -Dclassworlds.conf=C:\Program Files\JetBrains\IntelliJ IDEA 2020.1.1\plugins\maven\lib\maven3\bin\m2.conf -Dmaven.ext.class.path=C:\Program Files\JetBrains\IntelliJ IDEA 2020.1.1\plugins\maven\lib\maven-event-listener.jar -javaagent:C:\Program Files\JetBrains\IntelliJ IDEA 2020.1.1\lib\idea_rt.jar=56625:C:\Program Files\JetBrains\IntelliJ IDEA 2020.1.1\bin -Dfile.encoding=UTF-8 
java_command: org.codehaus.classworlds.Launcher -Didea.version2020.1.1 io.fabric8:docker-maven-plugin:0.26.0:build
java_class_path (initial): C:\Program Files\JetBrains\IntelliJ IDEA 2020.1.1\plugins\maven\lib\maven3\boot\plexus-classworlds-2.6.0.jar;C:\Program Files\JetBrains\IntelliJ IDEA 2020.1.1\plugins\maven\lib\maven3\boot\plexus-classworlds.license;C:\Program Files\JetBrains\IntelliJ IDEA 2020.1.1\lib\idea_rt.jar
Launcher Type: SUN_STANDARD

Environment Variables:
JAVA_HOME=C:\Program Files\Java\jdk1.8.0_161
USERNAME=umit.acikgoz
OS=Windows_NT
PROCESSOR_IDENTIFIER=Intel64 Family 6 Model 69 Stepping 1, GenuineIntel



---------------  S Y S T E M  ---------------

OS: Windows 10.0 , 64 bit Build 18362 (10.0.18362.778)

CPU:total 4 (initial active 4) (2 cores per cpu, 2 threads per core) family 6 model 69 stepping 1, cmov, cx8, fxsr, mmx, sse, sse2, sse3, ssse3, sse4.1, sse4.2, popcnt, avx, avx2, aes, clmul, erms, lzcnt, ht, tsc, tscinvbit, bmi1, bmi2

Memory: 4k page, physical 16680256k(3545944k free), swap 22824256k(5136k free)

vm_info: Java HotSpot(TM) 64-Bit Server VM (25.161-b12) for windows-amd64 JRE (1.8.0_161-b12), built on Dec 19 2017 17:52:25 by "java_re" with MS VC++ 10.0 (VS2010)

time: Sun May 10 23:23:34 2020
elapsed time: 4 seconds (0d 0h 0m 4s)

